{"C:\\Users\\kev\\Documents\\work\\Projects\\interview-test-accessible-form-validation\\src\\javascript\\modules\\form-validate.ts": {"path":"C:\\Users\\kev\\Documents\\work\\Projects\\interview-test-accessible-form-validation\\src\\javascript\\modules\\form-validate.ts","statementMap":{"0":{"start":{"line":7,"column":8},"end":{"line":7,"column":25}},"1":{"start":{"line":8,"column":8},"end":{"line":8,"column":56}},"2":{"start":{"line":9,"column":8},"end":{"line":9,"column":43}},"3":{"start":{"line":11,"column":8},"end":{"line":11,"column":20}},"4":{"start":{"line":15,"column":22},"end":{"line":17,"column":9}},"5":{"start":{"line":20,"column":8},"end":{"line":23,"column":11}},"6":{"start":{"line":21,"column":29},"end":{"line":21,"column":51}},"7":{"start":{"line":22,"column":12},"end":{"line":22,"column":28}},"8":{"start":{"line":27,"column":8},"end":{"line":27,"column":32}},"9":{"start":{"line":28,"column":8},"end":{"line":30,"column":10}},"10":{"start":{"line":29,"column":12},"end":{"line":29,"column":32}},"11":{"start":{"line":31,"column":8},"end":{"line":37,"column":10}},"12":{"start":{"line":34,"column":16},"end":{"line":34,"column":35}},"13":{"start":{"line":42,"column":8},"end":{"line":42,"column":36}},"14":{"start":{"line":46,"column":8},"end":{"line":61,"column":9}},"15":{"start":{"line":47,"column":12},"end":{"line":47,"column":31}},"16":{"start":{"line":50,"column":12},"end":{"line":54,"column":15}},"17":{"start":{"line":51,"column":16},"end":{"line":53,"column":17}},"18":{"start":{"line":52,"column":20},"end":{"line":52,"column":42}},"19":{"start":{"line":57,"column":31},"end":{"line":59,"column":28}},"20":{"start":{"line":60,"column":12},"end":{"line":60,"column":32}},"21":{"start":{"line":67,"column":22},"end":{"line":67,"column":37}},"22":{"start":{"line":70,"column":8},"end":{"line":75,"column":9}},"23":{"start":{"line":71,"column":12},"end":{"line":73,"column":13}},"24":{"start":{"line":72,"column":16},"end":{"line":72,"column":23}},"25":{"start":{"line":74,"column":12},"end":{"line":74,"column":36}},"26":{"start":{"line":80,"column":25},"end":{"line":80,"column":55}},"27":{"start":{"line":81,"column":29},"end":{"line":81,"column":58}},"28":{"start":{"line":83,"column":8},"end":{"line":83,"column":51}},"29":{"start":{"line":84,"column":8},"end":{"line":85,"column":76}},"30":{"start":{"line":86,"column":8},"end":{"line":86,"column":55}},"31":{"start":{"line":88,"column":8},"end":{"line":88,"column":58}},"32":{"start":{"line":90,"column":8},"end":{"line":92,"column":9}},"33":{"start":{"line":91,"column":12},"end":{"line":91,"column":48}},"34":{"start":{"line":94,"column":8},"end":{"line":94,"column":51}},"35":{"start":{"line":95,"column":8},"end":{"line":95,"column":60}},"36":{"start":{"line":100,"column":29},"end":{"line":100,"column":58}},"37":{"start":{"line":101,"column":25},"end":{"line":101,"column":77}},"38":{"start":{"line":103,"column":8},"end":{"line":103,"column":46}},"39":{"start":{"line":104,"column":8},"end":{"line":104,"column":50}},"40":{"start":{"line":105,"column":8},"end":{"line":105,"column":61}},"41":{"start":{"line":106,"column":8},"end":{"line":106,"column":27}}},"fnMap":{"0":{"name":"(anonymous_0)","decl":{"start":{"line":6,"column":4},"end":{"line":6,"column":5}},"loc":{"start":{"line":6,"column":39},"end":{"line":12,"column":5}},"line":6},"1":{"name":"(anonymous_1)","decl":{"start":{"line":14,"column":4},"end":{"line":14,"column":5}},"loc":{"start":{"line":14,"column":32},"end":{"line":24,"column":5}},"line":14},"2":{"name":"(anonymous_2)","decl":{"start":{"line":20,"column":36},"end":{"line":20,"column":37}},"loc":{"start":{"line":20,"column":46},"end":{"line":23,"column":9}},"line":20},"3":{"name":"(anonymous_3)","decl":{"start":{"line":26,"column":4},"end":{"line":26,"column":5}},"loc":{"start":{"line":26,"column":25},"end":{"line":38,"column":5}},"line":26},"4":{"name":"(anonymous_4)","decl":{"start":{"line":28,"column":45},"end":{"line":28,"column":46}},"loc":{"start":{"line":29,"column":12},"end":{"line":29,"column":32}},"line":29},"5":{"name":"(anonymous_5)","decl":{"start":{"line":33,"column":12},"end":{"line":33,"column":13}},"loc":{"start":{"line":33,"column":26},"end":{"line":35,"column":13}},"line":33},"6":{"name":"(anonymous_6)","decl":{"start":{"line":40,"column":4},"end":{"line":40,"column":5}},"loc":{"start":{"line":40,"column":37},"end":{"line":43,"column":5}},"line":40},"7":{"name":"(anonymous_7)","decl":{"start":{"line":45,"column":4},"end":{"line":45,"column":5}},"loc":{"start":{"line":45,"column":41},"end":{"line":62,"column":5}},"line":45},"8":{"name":"(anonymous_8)","decl":{"start":{"line":50,"column":53},"end":{"line":50,"column":54}},"loc":{"start":{"line":50,"column":64},"end":{"line":54,"column":13}},"line":50},"9":{"name":"(anonymous_9)","decl":{"start":{"line":64,"column":4},"end":{"line":64,"column":5}},"loc":{"start":{"line":64,"column":39},"end":{"line":76,"column":5}},"line":64},"10":{"name":"(anonymous_10)","decl":{"start":{"line":79,"column":4},"end":{"line":79,"column":5}},"loc":{"start":{"line":79,"column":40},"end":{"line":96,"column":5}},"line":79},"11":{"name":"(anonymous_11)","decl":{"start":{"line":99,"column":4},"end":{"line":99,"column":5}},"loc":{"start":{"line":99,"column":42},"end":{"line":107,"column":5}},"line":99}},"branchMap":{"0":{"loc":{"start":{"line":46,"column":8},"end":{"line":61,"column":9}},"type":"if","locations":[{"start":{"line":46,"column":8},"end":{"line":61,"column":9}},{"start":{},"end":{}}],"line":46},"1":{"loc":{"start":{"line":51,"column":16},"end":{"line":53,"column":17}},"type":"if","locations":[{"start":{"line":51,"column":16},"end":{"line":53,"column":17}},{"start":{},"end":{}}],"line":51},"2":{"loc":{"start":{"line":70,"column":8},"end":{"line":75,"column":9}},"type":"if","locations":[{"start":{"line":70,"column":8},"end":{"line":75,"column":9}},{"start":{},"end":{}}],"line":70},"3":{"loc":{"start":{"line":71,"column":12},"end":{"line":73,"column":13}},"type":"if","locations":[{"start":{"line":71,"column":12},"end":{"line":73,"column":13}},{"start":{},"end":{}}],"line":71},"4":{"loc":{"start":{"line":71,"column":16},"end":{"line":71,"column":65}},"type":"binary-expr","locations":[{"start":{"line":71,"column":16},"end":{"line":71,"column":39}},{"start":{"line":71,"column":43},"end":{"line":71,"column":65}}],"line":71},"5":{"loc":{"start":{"line":85,"column":12},"end":{"line":85,"column":75}},"type":"cond-expr","locations":[{"start":{"line":85,"column":32},"end":{"line":85,"column":53}},{"start":{"line":85,"column":56},"end":{"line":85,"column":75}}],"line":85},"6":{"loc":{"start":{"line":90,"column":8},"end":{"line":92,"column":9}},"type":"if","locations":[{"start":{"line":90,"column":8},"end":{"line":92,"column":9}},{"start":{},"end":{}}],"line":90}},"s":{"0":1,"1":1,"2":1,"3":1,"4":1,"5":1,"6":1,"7":1,"8":1,"9":1,"10":2,"11":1,"12":1,"13":1,"14":2,"15":2,"16":2,"17":4,"18":2,"19":2,"20":2,"21":1,"22":1,"23":1,"24":0,"25":1,"26":2,"27":2,"28":2,"29":2,"30":2,"31":2,"32":2,"33":1,"34":2,"35":2,"36":1,"37":1,"38":1,"39":1,"40":1,"41":1},"f":{"0":1,"1":1,"2":1,"3":1,"4":2,"5":1,"6":1,"7":2,"8":4,"9":1,"10":2,"11":1},"b":{"0":[2,0],"1":[2,2],"2":[1,0],"3":[0,1],"4":[1,1],"5":[0,2],"6":[1,1]},"_coverageSchema":"1a1c01bbd47fc00a2c39e90264f33305004495a9","hash":"e28efb104614f687deb32e315220f759243c8953"}
,"C:\\Users\\kev\\Documents\\work\\Projects\\interview-test-accessible-form-validation\\src\\javascript\\modules\\process-users.ts": {"path":"C:\\Users\\kev\\Documents\\work\\Projects\\interview-test-accessible-form-validation\\src\\javascript\\modules\\process-users.ts","statementMap":{"0":{"start":{"line":7,"column":8},"end":{"line":7,"column":25}},"1":{"start":{"line":8,"column":8},"end":{"line":10,"column":10}},"2":{"start":{"line":11,"column":8},"end":{"line":11,"column":76}},"3":{"start":{"line":13,"column":8},"end":{"line":13,"column":20}},"4":{"start":{"line":17,"column":22},"end":{"line":19,"column":9}},"5":{"start":{"line":22,"column":8},"end":{"line":25,"column":11}},"6":{"start":{"line":23,"column":29},"end":{"line":23,"column":51}},"7":{"start":{"line":24,"column":12},"end":{"line":24,"column":28}},"8":{"start":{"line":29,"column":8},"end":{"line":31,"column":10}},"9":{"start":{"line":30,"column":12},"end":{"line":30,"column":32}},"10":{"start":{"line":32,"column":8},"end":{"line":34,"column":10}},"11":{"start":{"line":33,"column":12},"end":{"line":33,"column":34}},"12":{"start":{"line":35,"column":8},"end":{"line":37,"column":11}},"13":{"start":{"line":36,"column":12},"end":{"line":36,"column":32}},"14":{"start":{"line":41,"column":8},"end":{"line":41,"column":27}},"15":{"start":{"line":43,"column":8},"end":{"line":45,"column":9}},"16":{"start":{"line":44,"column":12},"end":{"line":44,"column":36}},"17":{"start":{"line":49,"column":19},"end":{"line":49,"column":47}},"18":{"start":{"line":51,"column":8},"end":{"line":91,"column":9}},"19":{"start":{"line":52,"column":22},"end":{"line":52,"column":24}},"20":{"start":{"line":54,"column":12},"end":{"line":71,"column":13}},"21":{"start":{"line":56,"column":16},"end":{"line":70,"column":17}},"22":{"start":{"line":58,"column":24},"end":{"line":58,"column":46}},"23":{"start":{"line":59,"column":24},"end":{"line":59,"column":30}},"24":{"start":{"line":61,"column":24},"end":{"line":61,"column":46}},"25":{"start":{"line":62,"column":24},"end":{"line":62,"column":30}},"26":{"start":{"line":64,"column":24},"end":{"line":64,"column":45}},"27":{"start":{"line":65,"column":24},"end":{"line":65,"column":58}},"28":{"start":{"line":66,"column":24},"end":{"line":66,"column":30}},"29":{"start":{"line":68,"column":24},"end":{"line":68,"column":63}},"30":{"start":{"line":69,"column":24},"end":{"line":69,"column":30}},"31":{"start":{"line":73,"column":12},"end":{"line":83,"column":14}},"32":{"start":{"line":85,"column":12},"end":{"line":85,"column":51}},"33":{"start":{"line":88,"column":12},"end":{"line":90,"column":13}},"34":{"start":{"line":89,"column":16},"end":{"line":89,"column":73}},"35":{"start":{"line":95,"column":23},"end":{"line":95,"column":46}},"36":{"start":{"line":96,"column":8},"end":{"line":98,"column":9}},"37":{"start":{"line":97,"column":12},"end":{"line":97,"column":19}},"38":{"start":{"line":100,"column":8},"end":{"line":100,"column":39}},"39":{"start":{"line":103,"column":8},"end":{"line":105,"column":9}},"40":{"start":{"line":104,"column":12},"end":{"line":104,"column":71}}},"fnMap":{"0":{"name":"(anonymous_0)","decl":{"start":{"line":6,"column":4},"end":{"line":6,"column":5}},"loc":{"start":{"line":6,"column":39},"end":{"line":14,"column":5}},"line":6},"1":{"name":"(anonymous_1)","decl":{"start":{"line":16,"column":4},"end":{"line":16,"column":5}},"loc":{"start":{"line":16,"column":32},"end":{"line":26,"column":5}},"line":16},"2":{"name":"(anonymous_2)","decl":{"start":{"line":22,"column":36},"end":{"line":22,"column":37}},"loc":{"start":{"line":22,"column":46},"end":{"line":25,"column":9}},"line":22},"3":{"name":"(anonymous_3)","decl":{"start":{"line":28,"column":4},"end":{"line":28,"column":5}},"loc":{"start":{"line":28,"column":25},"end":{"line":38,"column":5}},"line":28},"4":{"name":"(anonymous_4)","decl":{"start":{"line":29,"column":45},"end":{"line":29,"column":46}},"loc":{"start":{"line":30,"column":12},"end":{"line":30,"column":32}},"line":30},"5":{"name":"(anonymous_5)","decl":{"start":{"line":32,"column":47},"end":{"line":32,"column":48}},"loc":{"start":{"line":33,"column":12},"end":{"line":33,"column":34}},"line":33},"6":{"name":"(anonymous_6)","decl":{"start":{"line":35,"column":43},"end":{"line":35,"column":44}},"loc":{"start":{"line":35,"column":62},"end":{"line":37,"column":9}},"line":35},"7":{"name":"(anonymous_7)","decl":{"start":{"line":40,"column":4},"end":{"line":40,"column":5}},"loc":{"start":{"line":40,"column":47},"end":{"line":46,"column":5}},"line":40},"8":{"name":"(anonymous_8)","decl":{"start":{"line":48,"column":4},"end":{"line":48,"column":5}},"loc":{"start":{"line":48,"column":51},"end":{"line":92,"column":5}},"line":48},"9":{"name":"(anonymous_9)","decl":{"start":{"line":94,"column":4},"end":{"line":94,"column":5}},"loc":{"start":{"line":94,"column":45},"end":{"line":106,"column":5}},"line":94}},"branchMap":{"0":{"loc":{"start":{"line":43,"column":8},"end":{"line":45,"column":9}},"type":"if","locations":[{"start":{"line":43,"column":8},"end":{"line":45,"column":9}},{"start":{},"end":{}}],"line":43},"1":{"loc":{"start":{"line":51,"column":8},"end":{"line":91,"column":9}},"type":"if","locations":[{"start":{"line":51,"column":8},"end":{"line":91,"column":9}},{"start":{},"end":{}}],"line":51},"2":{"loc":{"start":{"line":56,"column":16},"end":{"line":70,"column":17}},"type":"switch","locations":[{"start":{"line":57,"column":20},"end":{"line":59,"column":30}},{"start":{"line":60,"column":20},"end":{"line":62,"column":30}},{"start":{"line":63,"column":20},"end":{"line":66,"column":30}},{"start":{"line":67,"column":20},"end":{"line":69,"column":30}}],"line":56},"3":{"loc":{"start":{"line":88,"column":12},"end":{"line":90,"column":13}},"type":"if","locations":[{"start":{"line":88,"column":12},"end":{"line":90,"column":13}},{"start":{},"end":{}}],"line":88},"4":{"loc":{"start":{"line":96,"column":8},"end":{"line":98,"column":9}},"type":"if","locations":[{"start":{"line":96,"column":8},"end":{"line":98,"column":9}},{"start":{},"end":{}}],"line":96},"5":{"loc":{"start":{"line":103,"column":8},"end":{"line":105,"column":9}},"type":"if","locations":[{"start":{"line":103,"column":8},"end":{"line":105,"column":9}},{"start":{},"end":{}}],"line":103}},"s":{"0":1,"1":1,"2":1,"3":1,"4":1,"5":1,"6":1,"7":1,"8":1,"9":1,"10":1,"11":0,"12":1,"13":0,"14":1,"15":1,"16":1,"17":0,"18":0,"19":0,"20":0,"21":0,"22":0,"23":0,"24":0,"25":0,"26":0,"27":0,"28":0,"29":0,"30":0,"31":0,"32":0,"33":0,"34":0,"35":0,"36":0,"37":0,"38":0,"39":0,"40":0},"f":{"0":1,"1":1,"2":1,"3":1,"4":1,"5":0,"6":0,"7":1,"8":0,"9":0},"b":{"0":[1,0],"1":[0,0],"2":[0,0,0,0],"3":[0,0],"4":[0,0],"5":[0,0]},"_coverageSchema":"1a1c01bbd47fc00a2c39e90264f33305004495a9","hash":"fade14bfc02e755622278df564c23e14d9af8a0a"}
}
