{"C:\\Users\\kev\\Documents\\work\\Projects\\interview-test-accessible-form-validation\\src\\javascript\\modules\\form-validate.ts": {"path":"C:\\Users\\kev\\Documents\\work\\Projects\\interview-test-accessible-form-validation\\src\\javascript\\modules\\form-validate.ts","statementMap":{"0":{"start":{"line":7,"column":8},"end":{"line":7,"column":25}},"1":{"start":{"line":8,"column":8},"end":{"line":8,"column":56}},"2":{"start":{"line":9,"column":8},"end":{"line":9,"column":43}},"3":{"start":{"line":11,"column":8},"end":{"line":11,"column":20}},"4":{"start":{"line":15,"column":22},"end":{"line":17,"column":9}},"5":{"start":{"line":20,"column":8},"end":{"line":23,"column":11}},"6":{"start":{"line":21,"column":29},"end":{"line":21,"column":51}},"7":{"start":{"line":22,"column":12},"end":{"line":22,"column":28}},"8":{"start":{"line":27,"column":8},"end":{"line":27,"column":32}},"9":{"start":{"line":28,"column":8},"end":{"line":30,"column":10}},"10":{"start":{"line":29,"column":12},"end":{"line":29,"column":32}},"11":{"start":{"line":31,"column":8},"end":{"line":37,"column":10}},"12":{"start":{"line":34,"column":16},"end":{"line":34,"column":35}},"13":{"start":{"line":42,"column":8},"end":{"line":42,"column":36}},"14":{"start":{"line":46,"column":8},"end":{"line":61,"column":9}},"15":{"start":{"line":47,"column":12},"end":{"line":47,"column":31}},"16":{"start":{"line":50,"column":12},"end":{"line":54,"column":15}},"17":{"start":{"line":51,"column":16},"end":{"line":53,"column":17}},"18":{"start":{"line":52,"column":20},"end":{"line":52,"column":42}},"19":{"start":{"line":57,"column":31},"end":{"line":59,"column":28}},"20":{"start":{"line":60,"column":12},"end":{"line":60,"column":32}},"21":{"start":{"line":67,"column":22},"end":{"line":67,"column":37}},"22":{"start":{"line":70,"column":8},"end":{"line":75,"column":9}},"23":{"start":{"line":71,"column":12},"end":{"line":73,"column":13}},"24":{"start":{"line":72,"column":16},"end":{"line":72,"column":23}},"25":{"start":{"line":74,"column":12},"end":{"line":74,"column":36}},"26":{"start":{"line":80,"column":25},"end":{"line":80,"column":55}},"27":{"start":{"line":81,"column":29},"end":{"line":81,"column":58}},"28":{"start":{"line":83,"column":8},"end":{"line":83,"column":51}},"29":{"start":{"line":84,"column":8},"end":{"line":85,"column":76}},"30":{"start":{"line":86,"column":8},"end":{"line":86,"column":55}},"31":{"start":{"line":88,"column":8},"end":{"line":88,"column":58}},"32":{"start":{"line":90,"column":8},"end":{"line":92,"column":9}},"33":{"start":{"line":91,"column":12},"end":{"line":91,"column":48}},"34":{"start":{"line":94,"column":8},"end":{"line":94,"column":51}},"35":{"start":{"line":95,"column":8},"end":{"line":95,"column":60}},"36":{"start":{"line":100,"column":29},"end":{"line":100,"column":58}},"37":{"start":{"line":101,"column":25},"end":{"line":101,"column":77}},"38":{"start":{"line":103,"column":8},"end":{"line":103,"column":46}},"39":{"start":{"line":104,"column":8},"end":{"line":104,"column":50}},"40":{"start":{"line":105,"column":8},"end":{"line":105,"column":61}},"41":{"start":{"line":106,"column":8},"end":{"line":106,"column":27}}},"fnMap":{"0":{"name":"(anonymous_0)","decl":{"start":{"line":6,"column":4},"end":{"line":6,"column":5}},"loc":{"start":{"line":6,"column":39},"end":{"line":12,"column":5}},"line":6},"1":{"name":"(anonymous_1)","decl":{"start":{"line":14,"column":4},"end":{"line":14,"column":5}},"loc":{"start":{"line":14,"column":32},"end":{"line":24,"column":5}},"line":14},"2":{"name":"(anonymous_2)","decl":{"start":{"line":20,"column":36},"end":{"line":20,"column":37}},"loc":{"start":{"line":20,"column":46},"end":{"line":23,"column":9}},"line":20},"3":{"name":"(anonymous_3)","decl":{"start":{"line":26,"column":4},"end":{"line":26,"column":5}},"loc":{"start":{"line":26,"column":25},"end":{"line":38,"column":5}},"line":26},"4":{"name":"(anonymous_4)","decl":{"start":{"line":28,"column":45},"end":{"line":28,"column":46}},"loc":{"start":{"line":29,"column":12},"end":{"line":29,"column":32}},"line":29},"5":{"name":"(anonymous_5)","decl":{"start":{"line":33,"column":12},"end":{"line":33,"column":13}},"loc":{"start":{"line":33,"column":26},"end":{"line":35,"column":13}},"line":33},"6":{"name":"(anonymous_6)","decl":{"start":{"line":40,"column":4},"end":{"line":40,"column":5}},"loc":{"start":{"line":40,"column":37},"end":{"line":43,"column":5}},"line":40},"7":{"name":"(anonymous_7)","decl":{"start":{"line":45,"column":4},"end":{"line":45,"column":5}},"loc":{"start":{"line":45,"column":41},"end":{"line":62,"column":5}},"line":45},"8":{"name":"(anonymous_8)","decl":{"start":{"line":50,"column":53},"end":{"line":50,"column":54}},"loc":{"start":{"line":50,"column":64},"end":{"line":54,"column":13}},"line":50},"9":{"name":"(anonymous_9)","decl":{"start":{"line":64,"column":4},"end":{"line":64,"column":5}},"loc":{"start":{"line":64,"column":39},"end":{"line":76,"column":5}},"line":64},"10":{"name":"(anonymous_10)","decl":{"start":{"line":79,"column":4},"end":{"line":79,"column":5}},"loc":{"start":{"line":79,"column":40},"end":{"line":96,"column":5}},"line":79},"11":{"name":"(anonymous_11)","decl":{"start":{"line":99,"column":4},"end":{"line":99,"column":5}},"loc":{"start":{"line":99,"column":42},"end":{"line":107,"column":5}},"line":99}},"branchMap":{"0":{"loc":{"start":{"line":46,"column":8},"end":{"line":61,"column":9}},"type":"if","locations":[{"start":{"line":46,"column":8},"end":{"line":61,"column":9}},{"start":{},"end":{}}],"line":46},"1":{"loc":{"start":{"line":51,"column":16},"end":{"line":53,"column":17}},"type":"if","locations":[{"start":{"line":51,"column":16},"end":{"line":53,"column":17}},{"start":{},"end":{}}],"line":51},"2":{"loc":{"start":{"line":70,"column":8},"end":{"line":75,"column":9}},"type":"if","locations":[{"start":{"line":70,"column":8},"end":{"line":75,"column":9}},{"start":{},"end":{}}],"line":70},"3":{"loc":{"start":{"line":71,"column":12},"end":{"line":73,"column":13}},"type":"if","locations":[{"start":{"line":71,"column":12},"end":{"line":73,"column":13}},{"start":{},"end":{}}],"line":71},"4":{"loc":{"start":{"line":71,"column":16},"end":{"line":71,"column":65}},"type":"binary-expr","locations":[{"start":{"line":71,"column":16},"end":{"line":71,"column":39}},{"start":{"line":71,"column":43},"end":{"line":71,"column":65}}],"line":71},"5":{"loc":{"start":{"line":85,"column":12},"end":{"line":85,"column":75}},"type":"cond-expr","locations":[{"start":{"line":85,"column":32},"end":{"line":85,"column":53}},{"start":{"line":85,"column":56},"end":{"line":85,"column":75}}],"line":85},"6":{"loc":{"start":{"line":90,"column":8},"end":{"line":92,"column":9}},"type":"if","locations":[{"start":{"line":90,"column":8},"end":{"line":92,"column":9}},{"start":{},"end":{}}],"line":90}},"s":{"0":0,"1":0,"2":0,"3":0,"4":0,"5":0,"6":0,"7":0,"8":0,"9":0,"10":0,"11":0,"12":0,"13":0,"14":0,"15":0,"16":0,"17":0,"18":0,"19":0,"20":0,"21":0,"22":0,"23":0,"24":0,"25":0,"26":0,"27":0,"28":0,"29":0,"30":0,"31":0,"32":0,"33":0,"34":0,"35":0,"36":0,"37":0,"38":0,"39":0,"40":0,"41":0},"f":{"0":0,"1":0,"2":0,"3":0,"4":0,"5":0,"6":0,"7":0,"8":0,"9":0,"10":0,"11":0},"b":{"0":[0,0],"1":[0,0],"2":[0,0],"3":[0,0],"4":[0,0],"5":[0,0],"6":[0,0]},"_coverageSchema":"1a1c01bbd47fc00a2c39e90264f33305004495a9","hash":"e28efb104614f687deb32e315220f759243c8953"}
}
